{"timestamp":"2025-05-25T20:13:50.448666","level":"info","event":"DAG bundles loaded: dags-folder, example_dags","logger":"airflow.dag_processing.bundles.manager.DagBundlesManager"}
{"timestamp":"2025-05-25T20:13:50.449730","level":"info","event":"Filling up the DagBag from /home/rustam/airflow/dags/alignment_quality_check.py","logger":"airflow.models.dagbag.DagBag"}
{"timestamp":"2025-05-25T20:13:50.543215Z","level":"info","event":"Task instance is in running state","chan":"stdout","logger":"task"}
{"timestamp":"2025-05-25T20:13:50.543480Z","level":"info","event":" Previous state of the Task instance: TaskInstanceState.QUEUED","chan":"stdout","logger":"task"}
{"timestamp":"2025-05-25T20:13:50.543650Z","level":"info","event":"Current task name:align_reads","chan":"stdout","logger":"task"}
{"timestamp":"2025-05-25T20:13:50.543779Z","level":"info","event":"Dag name:alignment_quality_check","chan":"stdout","logger":"task"}
{"timestamp":"2025-05-25T20:13:50.480145","level":"info","event":"Tmp dir root location: /tmp","logger":"airflow.task.hooks.airflow.providers.standard.hooks.subprocess.SubprocessHook"}
{"timestamp":"2025-05-25T20:13:50.480836","level":"info","event":"Running command: ['/usr/bin/bash', '-c', 'bwa mem \"/home/rustam/airflow/data/ecoli_ref.fna\" \"/home/rustam/airflow/data/SRR33602302.fastq\" > \"/home/rustam/airflow/data/aligned_reads.sam\"']","logger":"airflow.task.hooks.airflow.providers.standard.hooks.subprocess.SubprocessHook"}
{"timestamp":"2025-05-25T20:13:50.496790","level":"info","event":"Output:","logger":"airflow.task.hooks.airflow.providers.standard.hooks.subprocess.SubprocessHook"}
{"timestamp":"2025-05-25T20:13:50.683111","level":"info","event":"[M::bwa_idx_load_from_disk] read 0 ALT contigs","logger":"airflow.task.hooks.airflow.providers.standard.hooks.subprocess.SubprocessHook"}
{"timestamp":"2025-05-25T20:13:50.745691","level":"info","event":"[M::process] read 2946 sequences (10031353 bp)...","logger":"airflow.task.hooks.airflow.providers.standard.hooks.subprocess.SubprocessHook"}
{"timestamp":"2025-05-25T20:13:50.808192","level":"info","event":"[M::process] read 2928 sequences (10003207 bp)...","logger":"airflow.task.hooks.airflow.providers.standard.hooks.subprocess.SubprocessHook"}
{"timestamp":"2025-05-25T20:14:14.993922","level":"info","event":"[M::mem_process_seqs] Processed 2946 reads in 24.119 CPU sec, 24.248 real sec","logger":"airflow.task.hooks.airflow.providers.standard.hooks.subprocess.SubprocessHook"}
{"timestamp":"2025-05-25T20:14:15.015054","level":"info","event":"[M::process] read 2888 sequences (10004274 bp)...","logger":"airflow.task.hooks.airflow.providers.standard.hooks.subprocess.SubprocessHook"}
{"timestamp":"2025-05-25T20:14:22.278242","level":"info","event":"[M::mem_process_seqs] Processed 2928 reads in 7.291 CPU sec, 7.284 real sec","logger":"airflow.task.hooks.airflow.providers.standard.hooks.subprocess.SubprocessHook"}
{"timestamp":"2025-05-25T20:14:22.300372","level":"info","event":"[M::process] read 2794 sequences (10016324 bp)...","logger":"airflow.task.hooks.airflow.providers.standard.hooks.subprocess.SubprocessHook"}
{"timestamp":"2025-05-25T20:14:30.809127","level":"info","event":"[M::mem_process_seqs] Processed 2888 reads in 8.534 CPU sec, 8.531 real sec","logger":"airflow.task.hooks.airflow.providers.standard.hooks.subprocess.SubprocessHook"}
{"timestamp":"2025-05-25T20:14:30.834351","level":"info","event":"[M::process] read 2730 sequences (10019997 bp)...","logger":"airflow.task.hooks.airflow.providers.standard.hooks.subprocess.SubprocessHook"}
{"timestamp":"2025-05-25T20:14:43.463624","level":"info","event":"[M::mem_process_seqs] Processed 2794 reads in 12.625 CPU sec, 12.654 real sec","logger":"airflow.task.hooks.airflow.providers.standard.hooks.subprocess.SubprocessHook"}
{"timestamp":"2025-05-25T20:14:43.487069","level":"info","event":"[M::process] read 2842 sequences (10012974 bp)...","logger":"airflow.task.hooks.airflow.providers.standard.hooks.subprocess.SubprocessHook"}
{"timestamp":"2025-05-25T20:14:52.345099","level":"info","event":"[M::mem_process_seqs] Processed 2730 reads in 8.879 CPU sec, 8.881 real sec","logger":"airflow.task.hooks.airflow.providers.standard.hooks.subprocess.SubprocessHook"}
{"timestamp":"2025-05-25T20:14:52.366536","level":"info","event":"[M::process] read 2712 sequences (10023792 bp)...","logger":"airflow.task.hooks.airflow.providers.standard.hooks.subprocess.SubprocessHook"}
{"timestamp":"2025-05-25T20:15:01.210376","level":"info","event":"[M::mem_process_seqs] Processed 2842 reads in 8.864 CPU sec, 8.865 real sec","logger":"airflow.task.hooks.airflow.providers.standard.hooks.subprocess.SubprocessHook"}
{"timestamp":"2025-05-25T20:15:01.231500","level":"info","event":"[M::process] read 2854 sequences (10003775 bp)...","logger":"airflow.task.hooks.airflow.providers.standard.hooks.subprocess.SubprocessHook"}
{"timestamp":"2025-05-25T20:15:10.252619","level":"info","event":"[M::mem_process_seqs] Processed 2712 reads in 9.042 CPU sec, 9.042 real sec","logger":"airflow.task.hooks.airflow.providers.standard.hooks.subprocess.SubprocessHook"}
{"timestamp":"2025-05-25T20:15:10.273902","level":"info","event":"[M::process] read 2756 sequences (10017968 bp)...","logger":"airflow.task.hooks.airflow.providers.standard.hooks.subprocess.SubprocessHook"}
{"timestamp":"2025-05-25T20:15:17.878901","level":"info","event":"[M::mem_process_seqs] Processed 2854 reads in 7.632 CPU sec, 7.626 real sec","logger":"airflow.task.hooks.airflow.providers.standard.hooks.subprocess.SubprocessHook"}
{"timestamp":"2025-05-25T20:15:17.898309","level":"info","event":"[M::process] read 2992 sequences (10012871 bp)...","logger":"airflow.task.hooks.airflow.providers.standard.hooks.subprocess.SubprocessHook"}
{"timestamp":"2025-05-25T20:15:25.992426","level":"info","event":"[M::mem_process_seqs] Processed 2756 reads in 8.114 CPU sec, 8.113 real sec","logger":"airflow.task.hooks.airflow.providers.standard.hooks.subprocess.SubprocessHook"}
{"timestamp":"2025-05-25T20:15:26.018604","level":"info","event":"[M::process] read 3070 sequences (10002301 bp)...","logger":"airflow.task.hooks.airflow.providers.standard.hooks.subprocess.SubprocessHook"}
{"timestamp":"2025-05-25T20:15:35.656770","level":"info","event":"[M::mem_process_seqs] Processed 2992 reads in 9.663 CPU sec, 9.664 real sec","logger":"airflow.task.hooks.airflow.providers.standard.hooks.subprocess.SubprocessHook"}
{"timestamp":"2025-05-25T20:15:35.681590","level":"info","event":"[M::process] read 2846 sequences (10003344 bp)...","logger":"airflow.task.hooks.airflow.providers.standard.hooks.subprocess.SubprocessHook"}
{"timestamp":"2025-05-25T20:15:43.993605","level":"info","event":"[M::mem_process_seqs] Processed 3070 reads in 8.341 CPU sec, 8.337 real sec","logger":"airflow.task.hooks.airflow.providers.standard.hooks.subprocess.SubprocessHook"}
{"timestamp":"2025-05-25T20:15:44.014574","level":"info","event":"[M::process] read 2692 sequences (10001076 bp)...","logger":"airflow.task.hooks.airflow.providers.standard.hooks.subprocess.SubprocessHook"}
{"timestamp":"2025-05-25T20:15:52.356416","level":"info","event":"[M::mem_process_seqs] Processed 2846 reads in 8.363 CPU sec, 8.363 real sec","logger":"airflow.task.hooks.airflow.providers.standard.hooks.subprocess.SubprocessHook"}
{"timestamp":"2025-05-25T20:15:52.379050","level":"info","event":"[M::process] read 2872 sequences (10003849 bp)...","logger":"airflow.task.hooks.airflow.providers.standard.hooks.subprocess.SubprocessHook"}
{"timestamp":"2025-05-25T20:16:00.226245","level":"info","event":"[M::mem_process_seqs] Processed 2692 reads in 7.875 CPU sec, 7.870 real sec","logger":"airflow.task.hooks.airflow.providers.standard.hooks.subprocess.SubprocessHook"}
{"timestamp":"2025-05-25T20:16:00.247617","level":"info","event":"[M::process] read 2770 sequences (10003662 bp)...","logger":"airflow.task.hooks.airflow.providers.standard.hooks.subprocess.SubprocessHook"}
{"timestamp":"2025-05-25T20:16:10.754166","level":"info","event":"[M::mem_process_seqs] Processed 2872 reads in 10.516 CPU sec, 10.528 real sec","logger":"airflow.task.hooks.airflow.providers.standard.hooks.subprocess.SubprocessHook"}
{"timestamp":"2025-05-25T20:16:10.775359","level":"info","event":"[M::process] read 2596 sequences (10010576 bp)...","logger":"airflow.task.hooks.airflow.providers.standard.hooks.subprocess.SubprocessHook"}
{"timestamp":"2025-05-25T20:16:19.297294","level":"info","event":"[M::mem_process_seqs] Processed 2770 reads in 8.545 CPU sec, 8.543 real sec","logger":"airflow.task.hooks.airflow.providers.standard.hooks.subprocess.SubprocessHook"}
{"timestamp":"2025-05-25T20:16:19.317478","level":"info","event":"[M::process] read 2674 sequences (10004785 bp)...","logger":"airflow.task.hooks.airflow.providers.standard.hooks.subprocess.SubprocessHook"}
{"timestamp":"2025-05-25T20:16:29.113285","level":"info","event":"[M::mem_process_seqs] Processed 2596 reads in 9.799 CPU sec, 9.816 real sec","logger":"airflow.task.hooks.airflow.providers.standard.hooks.subprocess.SubprocessHook"}
{"timestamp":"2025-05-25T20:16:29.171304","level":"info","event":"[M::process] read 2672 sequences (10022265 bp)...","logger":"airflow.task.hooks.airflow.providers.standard.hooks.subprocess.SubprocessHook"}
{"timestamp":"2025-05-25T20:16:43.340183","level":"info","event":"[M::mem_process_seqs] Processed 2674 reads in 14.220 CPU sec, 14.227 real sec","logger":"airflow.task.hooks.airflow.providers.standard.hooks.subprocess.SubprocessHook"}
{"timestamp":"2025-05-25T20:16:43.371785","level":"info","event":"[M::process] read 2774 sequences (10016458 bp)...","logger":"airflow.task.hooks.airflow.providers.standard.hooks.subprocess.SubprocessHook"}
{"timestamp":"2025-05-25T20:16:52.765502","level":"info","event":"[M::mem_process_seqs] Processed 2672 reads in 9.427 CPU sec, 9.425 real sec","logger":"airflow.task.hooks.airflow.providers.standard.hooks.subprocess.SubprocessHook"}
{"timestamp":"2025-05-25T20:16:52.785921","level":"info","event":"[M::process] read 3130 sequences (10005472 bp)...","logger":"airflow.task.hooks.airflow.providers.standard.hooks.subprocess.SubprocessHook"}
{"timestamp":"2025-05-25T20:17:00.320632","level":"info","event":"[M::mem_process_seqs] Processed 2774 reads in 7.559 CPU sec, 7.555 real sec","logger":"airflow.task.hooks.airflow.providers.standard.hooks.subprocess.SubprocessHook"}
{"timestamp":"2025-05-25T20:17:00.341120","level":"info","event":"[M::process] read 2932 sequences (10005631 bp)...","logger":"airflow.task.hooks.airflow.providers.standard.hooks.subprocess.SubprocessHook"}
{"timestamp":"2025-05-25T20:17:08.979843","level":"info","event":"[M::mem_process_seqs] Processed 3130 reads in 8.656 CPU sec, 8.659 real sec","logger":"airflow.task.hooks.airflow.providers.standard.hooks.subprocess.SubprocessHook"}
{"timestamp":"2025-05-25T20:17:09.007414","level":"info","event":"[M::process] read 2662 sequences (10000710 bp)...","logger":"airflow.task.hooks.airflow.providers.standard.hooks.subprocess.SubprocessHook"}
{"timestamp":"2025-05-25T20:17:17.682150","level":"info","event":"[M::mem_process_seqs] Processed 2932 reads in 8.708 CPU sec, 8.702 real sec","logger":"airflow.task.hooks.airflow.providers.standard.hooks.subprocess.SubprocessHook"}
{"timestamp":"2025-05-25T20:17:17.704337","level":"info","event":"[M::process] read 2754 sequences (10007302 bp)...","logger":"airflow.task.hooks.airflow.providers.standard.hooks.subprocess.SubprocessHook"}
{"timestamp":"2025-05-25T20:17:26.020723","level":"info","event":"[M::mem_process_seqs] Processed 2662 reads in 8.341 CPU sec, 8.339 real sec","logger":"airflow.task.hooks.airflow.providers.standard.hooks.subprocess.SubprocessHook"}
{"timestamp":"2025-05-25T20:17:26.045981","level":"info","event":"[M::process] read 2962 sequences (10005989 bp)...","logger":"airflow.task.hooks.airflow.providers.standard.hooks.subprocess.SubprocessHook"}
{"timestamp":"2025-05-25T20:17:36.130568","level":"info","event":"[M::mem_process_seqs] Processed 2754 reads in 10.105 CPU sec, 10.110 real sec","logger":"airflow.task.hooks.airflow.providers.standard.hooks.subprocess.SubprocessHook"}
{"timestamp":"2025-05-25T20:17:36.151702","level":"info","event":"[M::process] read 3158 sequences (10008485 bp)...","logger":"airflow.task.hooks.airflow.providers.standard.hooks.subprocess.SubprocessHook"}
{"timestamp":"2025-05-25T20:17:46.655204","level":"info","event":"[M::mem_process_seqs] Processed 2962 reads in 10.511 CPU sec, 10.525 real sec","logger":"airflow.task.hooks.airflow.providers.standard.hooks.subprocess.SubprocessHook"}
{"timestamp":"2025-05-25T20:17:46.677244","level":"info","event":"[M::process] read 2966 sequences (10001731 bp)...","logger":"airflow.task.hooks.airflow.providers.standard.hooks.subprocess.SubprocessHook"}
{"timestamp":"2025-05-25T20:17:55.208331","level":"info","event":"[M::mem_process_seqs] Processed 3158 reads in 8.553 CPU sec, 8.553 real sec","logger":"airflow.task.hooks.airflow.providers.standard.hooks.subprocess.SubprocessHook"}
{"timestamp":"2025-05-25T20:17:55.229190","level":"info","event":"[M::process] read 2662 sequences (10003715 bp)...","logger":"airflow.task.hooks.airflow.providers.standard.hooks.subprocess.SubprocessHook"}
{"timestamp":"2025-05-25T20:18:05.741588","level":"info","event":"[M::mem_process_seqs] Processed 2966 reads in 10.518 CPU sec, 10.533 real sec","logger":"airflow.task.hooks.airflow.providers.standard.hooks.subprocess.SubprocessHook"}
{"timestamp":"2025-05-25T20:18:05.765440","level":"info","event":"[M::process] read 2724 sequences (10008904 bp)...","logger":"airflow.task.hooks.airflow.providers.standard.hooks.subprocess.SubprocessHook"}
{"timestamp":"2025-05-25T20:18:17.972027","level":"info","event":"[M::mem_process_seqs] Processed 2662 reads in 12.205 CPU sec, 12.230 real sec","logger":"airflow.task.hooks.airflow.providers.standard.hooks.subprocess.SubprocessHook"}
{"timestamp":"2025-05-25T20:18:18.015106","level":"info","event":"[M::process] read 2806 sequences (10021267 bp)...","logger":"airflow.task.hooks.airflow.providers.standard.hooks.subprocess.SubprocessHook"}
{"timestamp":"2025-05-25T20:18:35.224902","level":"info","event":"[M::mem_process_seqs] Processed 2724 reads in 17.199 CPU sec, 17.253 real sec","logger":"airflow.task.hooks.airflow.providers.standard.hooks.subprocess.SubprocessHook"}
{"timestamp":"2025-05-25T20:18:35.246499","level":"info","event":"[M::process] read 2842 sequences (10011275 bp)...","logger":"airflow.task.hooks.airflow.providers.standard.hooks.subprocess.SubprocessHook"}
{"timestamp":"2025-05-25T20:18:45.293652","level":"info","event":"[M::mem_process_seqs] Processed 2806 reads in 10.062 CPU sec, 10.069 real sec","logger":"airflow.task.hooks.airflow.providers.standard.hooks.subprocess.SubprocessHook"}
{"timestamp":"2025-05-25T20:18:45.315020","level":"info","event":"[M::process] read 2788 sequences (10001587 bp)...","logger":"airflow.task.hooks.airflow.providers.standard.hooks.subprocess.SubprocessHook"}
{"timestamp":"2025-05-25T20:18:53.109154","level":"info","event":"[M::mem_process_seqs] Processed 2842 reads in 7.820 CPU sec, 7.815 real sec","logger":"airflow.task.hooks.airflow.providers.standard.hooks.subprocess.SubprocessHook"}
{"timestamp":"2025-05-25T20:18:53.128009","level":"info","event":"[M::process] read 2688 sequences (10000791 bp)...","logger":"airflow.task.hooks.airflow.providers.standard.hooks.subprocess.SubprocessHook"}
{"timestamp":"2025-05-25T20:19:06.676130","level":"info","event":"[M::mem_process_seqs] Processed 2788 reads in 13.525 CPU sec, 13.567 real sec","logger":"airflow.task.hooks.airflow.providers.standard.hooks.subprocess.SubprocessHook"}
{"timestamp":"2025-05-25T20:19:06.703429","level":"info","event":"[M::process] read 2824 sequences (10006461 bp)...","logger":"airflow.task.hooks.airflow.providers.standard.hooks.subprocess.SubprocessHook"}
{"timestamp":"2025-05-25T20:19:15.122242","level":"info","event":"[M::mem_process_seqs] Processed 2688 reads in 8.454 CPU sec, 8.446 real sec","logger":"airflow.task.hooks.airflow.providers.standard.hooks.subprocess.SubprocessHook"}
{"timestamp":"2025-05-25T20:19:15.142043","level":"info","event":"[M::process] read 2788 sequences (10005257 bp)...","logger":"airflow.task.hooks.airflow.providers.standard.hooks.subprocess.SubprocessHook"}
{"timestamp":"2025-05-25T20:19:24.794703","level":"info","event":"[M::mem_process_seqs] Processed 2824 reads in 9.660 CPU sec, 9.672 real sec","logger":"airflow.task.hooks.airflow.providers.standard.hooks.subprocess.SubprocessHook"}
{"timestamp":"2025-05-25T20:19:24.833206","level":"info","event":"[M::process] read 2588 sequences (10016217 bp)...","logger":"airflow.task.hooks.airflow.providers.standard.hooks.subprocess.SubprocessHook"}
{"timestamp":"2025-05-25T20:19:48.366095","level":"info","event":"[M::mem_process_seqs] Processed 2788 reads in 23.414 CPU sec, 23.571 real sec","logger":"airflow.task.hooks.airflow.providers.standard.hooks.subprocess.SubprocessHook"}
{"timestamp":"2025-05-25T20:19:48.390883","level":"info","event":"[M::process] read 2642 sequences (10000872 bp)...","logger":"airflow.task.hooks.airflow.providers.standard.hooks.subprocess.SubprocessHook"}
{"timestamp":"2025-05-25T20:20:02.722016","level":"info","event":"[M::mem_process_seqs] Processed 2588 reads in 14.309 CPU sec, 14.356 real sec","logger":"airflow.task.hooks.airflow.providers.standard.hooks.subprocess.SubprocessHook"}
{"timestamp":"2025-05-25T20:20:02.778259","level":"info","event":"[M::process] read 2614 sequences (10000586 bp)...","logger":"airflow.task.hooks.airflow.providers.standard.hooks.subprocess.SubprocessHook"}
{"timestamp":"2025-05-25T20:20:30.353092","level":"info","event":"[M::mem_process_seqs] Processed 2642 reads in 27.477 CPU sec, 27.631 real sec","logger":"airflow.task.hooks.airflow.providers.standard.hooks.subprocess.SubprocessHook"}
{"timestamp":"2025-05-25T20:20:30.381281","level":"info","event":"[M::process] read 2894 sequences (10013584 bp)...","logger":"airflow.task.hooks.airflow.providers.standard.hooks.subprocess.SubprocessHook"}
{"timestamp":"2025-05-25T20:20:41.107431","level":"info","event":"[M::mem_process_seqs] Processed 2614 reads in 10.743 CPU sec, 10.754 real sec","logger":"airflow.task.hooks.airflow.providers.standard.hooks.subprocess.SubprocessHook"}
{"timestamp":"2025-05-25T20:20:41.168930","level":"info","event":"[M::process] read 2788 sequences (10016977 bp)...","logger":"airflow.task.hooks.airflow.providers.standard.hooks.subprocess.SubprocessHook"}
{"timestamp":"2025-05-25T20:21:07.398711","level":"info","event":"[M::mem_process_seqs] Processed 2894 reads in 26.158 CPU sec, 26.291 real sec","logger":"airflow.task.hooks.airflow.providers.standard.hooks.subprocess.SubprocessHook"}
{"timestamp":"2025-05-25T20:21:07.480076","level":"info","event":"[M::process] read 2912 sequences (10006548 bp)...","logger":"airflow.task.hooks.airflow.providers.standard.hooks.subprocess.SubprocessHook"}
{"timestamp":"2025-05-25T20:21:29.086179","level":"info","event":"[M::mem_process_seqs] Processed 2788 reads in 21.577 CPU sec, 21.688 real sec","logger":"airflow.task.hooks.airflow.providers.standard.hooks.subprocess.SubprocessHook"}
{"timestamp":"2025-05-25T20:21:29.118487","level":"info","event":"[M::process] read 2768 sequences (10007711 bp)...","logger":"airflow.task.hooks.airflow.providers.standard.hooks.subprocess.SubprocessHook"}
{"timestamp":"2025-05-25T20:21:37.300090","level":"info","event":"[M::mem_process_seqs] Processed 2912 reads in 8.226 CPU sec, 8.214 real sec","logger":"airflow.task.hooks.airflow.providers.standard.hooks.subprocess.SubprocessHook"}
{"timestamp":"2025-05-25T20:21:37.309229","level":"info","event":"[M::process] read 15 sequences (28053 bp)...","logger":"airflow.task.hooks.airflow.providers.standard.hooks.subprocess.SubprocessHook"}
{"timestamp":"2025-05-25T20:21:48.391668","level":"info","event":"[M::mem_process_seqs] Processed 2768 reads in 11.062 CPU sec, 11.092 real sec","logger":"airflow.task.hooks.airflow.providers.standard.hooks.subprocess.SubprocessHook"}
{"timestamp":"2025-05-25T20:21:48.417475","level":"info","event":"[M::mem_process_seqs] Processed 15 reads in 0.036 CPU sec, 0.026 real sec","logger":"airflow.task.hooks.airflow.providers.standard.hooks.subprocess.SubprocessHook"}
{"timestamp":"2025-05-25T20:21:48.555747","level":"info","event":"[main] Version: 0.7.18-r1243-dirty","logger":"airflow.task.hooks.airflow.providers.standard.hooks.subprocess.SubprocessHook"}
{"timestamp":"2025-05-25T20:21:48.555905","level":"info","event":"[main] CMD: bwa mem /home/rustam/airflow/data/ecoli_ref.fna /home/rustam/airflow/data/SRR33602302.fastq","logger":"airflow.task.hooks.airflow.providers.standard.hooks.subprocess.SubprocessHook"}
{"timestamp":"2025-05-25T20:21:48.555979","level":"info","event":"[main] Real time: 477.879 sec; CPU: 477.090 sec","logger":"airflow.task.hooks.airflow.providers.standard.hooks.subprocess.SubprocessHook"}
{"timestamp":"2025-05-25T20:21:48.558096","level":"info","event":"Command exited with return code 0","logger":"airflow.task.hooks.airflow.providers.standard.hooks.subprocess.SubprocessHook"}
{"timestamp":"2025-05-25T20:21:48.558762","level":"info","event":"Pushing xcom","ti":"RuntimeTaskInstance(id=UUID('01970914-6a51-7de8-8c61-606cb5c33134'), task_id='align_reads', dag_id='alignment_quality_check', run_id='manual__2025-05-25T20:13:42.298572+00:00', try_number=1, map_index=-1, hostname='archlinux', context_carrier=None, task=<Task(BashOperator): align_reads>, bundle_instance=LocalDagBundle(name=dags-folder), max_tries=0, start_date=datetime.datetime(2025, 5, 25, 20, 13, 49, 134788, tzinfo=TzInfo(UTC)), end_date=None, state=<TaskInstanceState.RUNNING: 'running'>, is_mapped=False, rendered_map_index=None)","logger":"task"}
{"timestamp":"2025-05-25T20:21:48.590960Z","level":"info","event":"Task instance in success state","chan":"stdout","logger":"task"}
{"timestamp":"2025-05-25T20:21:48.591056Z","level":"info","event":" Previous state of the Task instance: TaskInstanceState.RUNNING","chan":"stdout","logger":"task"}
{"timestamp":"2025-05-25T20:21:48.591100Z","level":"info","event":"Task operator:<Task(BashOperator): align_reads>","chan":"stdout","logger":"task"}
