
A T O M   T Y P E S

IDX	TYPE	RING
1	C_3	NO
2	N_2	NO
3	C_3	NO
4	C_2	NO
5	N_2	NO
6	N_2	NO
7	C_2	NO
8	N_2	NO
9	N_2	NO
10	H_	NO
11	H_	NO
12	H_	NO
13	H_	NO
14	H_	NO
15	H_	NO
16	H_	NO
17	H_	NO
18	H_	NO
19	H_	NO
20	H_	NO

S E T T I N G   U P   C A L C U L A T I O N S

SETTING UP BOND CALCULATIONS...
SETTING UP ANGLE CALCULATIONS...
SETTING UP TORSION CALCULATIONS...
SETTING UP OOP CALCULATIONS...
SETTING UP VAN DER WAALS CALCULATIONS...

S T E E P E S T   D E S C E N T

STEPS = 10000

STEP n       E(n)         E(n-1)    
------------------------------------
    0     352.479      ----
   10    132.59170    137.12658
   20    111.11569    112.24933
   30    104.31921    104.75178
   40    101.48689    101.68167
   50    100.14011    100.23755
   60    99.43813    99.49090
   70    99.04540    99.07582
   80    98.81270    98.83118
   90    98.66797    98.67972
  100    98.57406    98.58183
  110    98.51081    98.51613
  120    98.46680    98.47055
  130    98.43532    98.43803
  140    98.41228    98.41429
  150    98.39513    98.39663
  160    98.38217    98.38331
  170    98.37227    98.37315
  180    98.36466    98.36533
  190    98.35876    98.35929
  200    98.35417    98.35458
  210    98.35060    98.35092
  220    98.34780    98.34805
  230    98.34560    98.34580
  240    98.34388    98.34403
  250    98.34252    98.34264
  260    98.34145    98.34154
  270    98.34060    98.34068
  280    98.33993    98.33999
  290    98.33940    98.33945
  300    98.33898    98.33902
  310    98.33865    98.33868
  320    98.33838    98.33840
  330    98.33817    98.33819
  340    98.33799    98.33801
  350    98.33786    98.33787
  360    98.33774    98.33775
    STEEPEST DESCENT HAS CONVERGED
1 molecule converted
